
 LIST ALL SELECTED ELEMENTS.  (LIST NODES)
 
    ELEM MAT TYP REL ESY SEC        NODES
       1   1   3   1   0   1      1     3   213   212
       2   1   3   1   0   1      3     4   314   213
       3   1   3   1   0   1      4     5   415   314
       4   1   3   1   0   1      5     2   107   415
       5   1   3   1   0   1    212   213   214   211
       6   1   3   1   0   1    213   314   315   214
       7   1   3   1   0   1    314   415   416   315
       8   1   3   1   0   1    415   107   106   416
       9   1   3   1   0   1    211   214   215   210
      10   1   3   1   0   1    214   315   316   215
      11   1   3   1   0   1    315   416   417   316
      12   1   3   1   0   1    416   106   105   417
      13   1   3   1   0   1    210   215   216   209
      14   1   3   1   0   1    215   316   317   216
      15   1   3   1   0   1    316   417   418   317
      16   1   3   1   0   1    417   105   104   418
      17   1   3   1   0   1    209   216   217   208
      18   1   3   1   0   1    216   317   318   217
      19   1   3   1   0   1    317   418   419   318
      20   1   3   1   0   1    418   104   103   419
      21   1   3   1   0   1    208   217   218   207
      22   1   3   1   0   1    217   318   319   218
      23   1   3   1   0   1    318   419   420   319
      24   1   3   1   0   1    419   103   102   420
      25   1   3   1   0   1    207   218   219   206
      26   1   3   1   0   1    218   319   320   219
      27   1   3   1   0   1    319   420   421   320
      28   1   3   1   0   1    420   102   101   421
      29   1   3   1   0   1    206   219   220   205
      30   1   3   1   0   1    219   320   321   220
      31   1   3   1   0   1    320   421   422   321
      32   1   3   1   0   1    421   101   100   422
      33   1   3   1   0   1    205   220   221   204
      34   1   3   1   0   1    220   321   322   221
      35   1   3   1   0   1    321   422   423   322
      36   1   3   1   0   1    422   100    99   423
      37   1   3   1   0   1    204   221   222   203
      38   1   3   1   0   1    221   322   323   222
      39   1   3   1   0   1    322   423   424   323
      40   1   3   1   0   1    423    99    98   424 
      41   1   3   1   0   1    203   222   223   202
      42   1   3   1   0   1    222   323   324   223
      43   1   3   1   0   1    323   424   425   324
      44   1   3   1   0   1    424    98    97   425
      45   1   3   1   0   1    202   223   224   201
      46   1   3   1   0   1    223   324   325   224
      47   1   3   1   0   1    324   425   426   325
      48   1   3   1   0   1    425    97    96   426
      49   1   3   1   0   1    201   224   225   200
      50   1   3   1   0   1    224   325   326   225
      51   1   3   1   0   1    325   426   427   326
      52   1   3   1   0   1    426    96    95   427
      53   1   3   1   0   1    200   225   226   199
      54   1   3   1   0   1    225   326   327   226
      55   1   3   1   0   1    326   427   428   327
      56   1   3   1   0   1    427    95    94   428
      57   1   3   1   0   1    199   226   227   198
      58   1   3   1   0   1    226   327   328   227
      59   1   3   1   0   1    327   428   429   328
      60   1   3   1   0   1    428    94    93   429 
      61   1   3   1   0   1    198   227   228   197
      62   1   3   1   0   1    227   328   329   228
      63   1   3   1   0   1    328   429   430   329
      64   1   3   1   0   1    429    93    92   430
      65   1   3   1   0   1    197   228   229   196
      66   1   3   1   0   1    228   329   330   229
      67   1   3   1   0   1    329   430   431   330
      68   1   3   1   0   1    430    92    91   431
      69   1   3   1   0   1    196   229   230   195
      70   1   3   1   0   1    229   330   331   230
      71   1   3   1   0   1    330   431   432   331
      72   1   3   1   0   1    431    91    90   432
      73   1   3   1   0   1    195   230   231   194
      74   1   3   1   0   1    230   331   332   231
      75   1   3   1   0   1    331   432   433   332
      76   1   3   1   0   1    432    90    89   433
      77   1   3   1   0   1    194   231   232   193
      78   1   3   1   0   1    231   332   333   232
      79   1   3   1   0   1    332   433   434   333
      80   1   3   1   0   1    433    89    88   434
      81   1   3   1   0   1    193   232   233   192
      82   1   3   1   0   1    232   333   334   233
      83   1   3   1   0   1    333   434   435   334
      84   1   3   1   0   1    434    88    87   435
      85   1   3   1   0   1    192   233   234   191
      86   1   3   1   0   1    233   334   335   234
      87   1   3   1   0   1    334   435   436   335
      88   1   3   1   0   1    435    87    86   436
      89   1   3   1   0   1    191   234   235   190
      90   1   3   1   0   1    234   335   336   235
      91   1   3   1   0   1    335   436   437   336
      92   1   3   1   0   1    436    86    85   437
      93   1   3   1   0   1    190   235   236   189
      94   1   3   1   0   1    235   336   337   236
      95   1   3   1   0   1    336   437   438   337
      96   1   3   1   0   1    437    85    84   438
      97   1   3   1   0   1    189   236   237   188
      98   1   3   1   0   1    236   337   338   237
      99   1   3   1   0   1    337   438   439   338
     100   1   3   1   0   1    438    84    83   439 
     101   1   3   1   0   1    188   237   238   187
     102   1   3   1   0   1    237   338   339   238
     103   1   3   1   0   1    338   439   440   339
     104   1   3   1   0   1    439    83    82   440
     105   1   3   1   0   1    187   238   239   186
     106   1   3   1   0   1    238   339   340   239
     107   1   3   1   0   1    339   440   441   340
     108   1   3   1   0   1    440    82    81   441
     109   1   3   1   0   1    186   239   240   185
     110   1   3   1   0   1    239   340   341   240
     111   1   3   1   0   1    340   441   442   341
     112   1   3   1   0   1    441    81    80   442
     113   1   3   1   0   1    185   240   241   184
     114   1   3   1   0   1    240   341   342   241
     115   1   3   1   0   1    341   442   443   342
     116   1   3   1   0   1    442    80    79   443
     117   1   3   1   0   1    184   241   242   183
     118   1   3   1   0   1    241   342   343   242
     119   1   3   1   0   1    342   443   444   343
     120   1   3   1   0   1    443    79    78   444
     121   1   3   1   0   1    183   242   243   182
     122   1   3   1   0   1    242   343   344   243
     123   1   3   1   0   1    343   444   445   344
     124   1   3   1   0   1    444    78    77   445
     125   1   3   1   0   1    182   243   244   181
     126   1   3   1   0   1    243   344   345   244
     127   1   3   1   0   1    344   445   446   345
     128   1   3   1   0   1    445    77    76   446
     129   1   3   1   0   1    181   244   245   180
     130   1   3   1   0   1    244   345   346   245
     131   1   3   1   0   1    345   446   447   346
     132   1   3   1   0   1    446    76    75   447
     133   1   3   1   0   1    180   245   246   179
     134   1   3   1   0   1    245   346   347   246
     135   1   3   1   0   1    346   447   448   347
     136   1   3   1   0   1    447    75    74   448
     137   1   3   1   0   1    179   246   247   178
     138   1   3   1   0   1    246   347   348   247
     139   1   3   1   0   1    347   448   449   348
     140   1   3   1   0   1    448    74    73   449 
     141   1   3   1   0   1    178   247   248   177
     142   1   3   1   0   1    247   348   349   248
     143   1   3   1   0   1    348   449   450   349
     144   1   3   1   0   1    449    73    72   450
     145   1   3   1   0   1    177   248   249   176
     146   1   3   1   0   1    248   349   350   249
     147   1   3   1   0   1    349   450   451   350
     148   1   3   1   0   1    450    72    71   451
     149   1   3   1   0   1    176   249   250   175
     150   1   3   1   0   1    249   350   351   250
     151   1   3   1   0   1    350   451   452   351
     152   1   3   1   0   1    451    71    70   452
     153   1   3   1   0   1    175   250   251   174
     154   1   3   1   0   1    250   351   352   251
     155   1   3   1   0   1    351   452   453   352
     156   1   3   1   0   1    452    70    69   453
     157   1   3   1   0   1    174   251   252   173
     158   1   3   1   0   1    251   352   353   252
     159   1   3   1   0   1    352   453   454   353
     160   1   3   1   0   1    453    69    68   454 
     161   1   3   1   0   1    173   252   253   172
     162   1   3   1   0   1    252   353   354   253
     163   1   3   1   0   1    353   454   455   354
     164   1   3   1   0   1    454    68    67   455
     165   1   3   1   0   1    172   253   254   171
     166   1   3   1   0   1    253   354   355   254
     167   1   3   1   0   1    354   455   456   355
     168   1   3   1   0   1    455    67    66   456
     169   1   3   1   0   1    171   254   255   170
     170   1   3   1   0   1    254   355   356   255
     171   1   3   1   0   1    355   456   457   356
     172   1   3   1   0   1    456    66    65   457
     173   1   3   1   0   1    170   255   256   169
     174   1   3   1   0   1    255   356   357   256
     175   1   3   1   0   1    356   457   458   357
     176   1   3   1   0   1    457    65    64   458
     177   1   3   1   0   1    169   256   257   168
     178   1   3   1   0   1    256   357   358   257
     179   1   3   1   0   1    357   458   459   358
     180   1   3   1   0   1    458    64    63   459
     181   1   3   1   0   1    168   257   258   167
     182   1   3   1   0   1    257   358   359   258
     183   1   3   1   0   1    358   459   460   359
     184   1   3   1   0   1    459    63    62   460
     185   1   3   1   0   1    167   258   259   166
     186   1   3   1   0   1    258   359   360   259
     187   1   3   1   0   1    359   460   461   360
     188   1   3   1   0   1    460    62    61   461
     189   1   3   1   0   1    166   259   260   165
     190   1   3   1   0   1    259   360   361   260
     191   1   3   1   0   1    360   461   462   361
     192   1   3   1   0   1    461    61    60   462
     193   1   3   1   0   1    165   260   261   164
     194   1   3   1   0   1    260   361   362   261
     195   1   3   1   0   1    361   462   463   362
     196   1   3   1   0   1    462    60    59   463
     197   1   3   1   0   1    164   261   262   163
     198   1   3   1   0   1    261   362   363   262
     199   1   3   1   0   1    362   463   464   363
     200   1   3   1   0   1    463    59    58   464 
     201   1   3   1   0   1    163   262   263   162
     202   1   3   1   0   1    262   363   364   263
     203   1   3   1   0   1    363   464   465   364
     204   1   3   1   0   1    464    58    57   465
     205   1   3   1   0   1    162   263   264   161
     206   1   3   1   0   1    263   364   365   264
     207   1   3   1   0   1    364   465   466   365
     208   1   3   1   0   1    465    57    56   466
     209   1   3   1   0   1    161   264   265   160
     210   1   3   1   0   1    264   365   366   265
     211   1   3   1   0   1    365   466   467   366
     212   1   3   1   0   1    466    56    55   467
     213   1   3   1   0   1    160   265   266   159
     214   1   3   1   0   1    265   366   367   266
     215   1   3   1   0   1    366   467   468   367
     216   1   3   1   0   1    467    55    54   468
     217   1   3   1   0   1    159   266   267   158
     218   1   3   1   0   1    266   367   368   267
     219   1   3   1   0   1    367   468   469   368
     220   1   3   1   0   1    468    54    53   469
     221   1   3   1   0   1    158   267   268   157
     222   1   3   1   0   1    267   368   369   268
     223   1   3   1   0   1    368   469   470   369
     224   1   3   1   0   1    469    53    52   470
     225   1   3   1   0   1    157   268   269   156
     226   1   3   1   0   1    268   369   370   269
     227   1   3   1   0   1    369   470   471   370
     228   1   3   1   0   1    470    52    51   471
     229   1   3   1   0   1    156   269   270   155
     230   1   3   1   0   1    269   370   371   270
     231   1   3   1   0   1    370   471   472   371
     232   1   3   1   0   1    471    51    50   472
     233   1   3   1   0   1    155   270   271   154
     234   1   3   1   0   1    270   371   372   271
     235   1   3   1   0   1    371   472   473   372
     236   1   3   1   0   1    472    50    49   473
     237   1   3   1   0   1    154   271   272   153
     238   1   3   1   0   1    271   372   373   272
     239   1   3   1   0   1    372   473   474   373
     240   1   3   1   0   1    473    49    48   474 
     241   1   3   1   0   1    153   272   273   152
     242   1   3   1   0   1    272   373   374   273
     243   1   3   1   0   1    373   474   475   374
     244   1   3   1   0   1    474    48    47   475
     245   1   3   1   0   1    152   273   274   151
     246   1   3   1   0   1    273   374   375   274
     247   1   3   1   0   1    374   475   476   375
     248   1   3   1   0   1    475    47    46   476
     249   1   3   1   0   1    151   274   275   150
     250   1   3   1   0   1    274   375   376   275
     251   1   3   1   0   1    375   476   477   376
     252   1   3   1   0   1    476    46    45   477
     253   1   3   1   0   1    150   275   276   149
     254   1   3   1   0   1    275   376   377   276
     255   1   3   1   0   1    376   477   478   377
     256   1   3   1   0   1    477    45    44   478
     257   1   3   1   0   1    149   276   277   148
     258   1   3   1   0   1    276   377   378   277
     259   1   3   1   0   1    377   478   479   378
     260   1   3   1   0   1    478    44    43   479 
     261   1   3   1   0   1    148   277   278   147
     262   1   3   1   0   1    277   378   379   278
     263   1   3   1   0   1    378   479   480   379
     264   1   3   1   0   1    479    43    42   480
     265   1   3   1   0   1    147   278   279   146
     266   1   3   1   0   1    278   379   380   279
     267   1   3   1   0   1    379   480   481   380
     268   1   3   1   0   1    480    42    41   481
     269   1   3   1   0   1    146   279   280   145
     270   1   3   1   0   1    279   380   381   280
     271   1   3   1   0   1    380   481   482   381
     272   1   3   1   0   1    481    41    40   482
     273   1   3   1   0   1    145   280   281   144
     274   1   3   1   0   1    280   381   382   281
     275   1   3   1   0   1    381   482   483   382
     276   1   3   1   0   1    482    40    39   483
     277   1   3   1   0   1    144   281   282   143
     278   1   3   1   0   1    281   382   383   282
     279   1   3   1   0   1    382   483   484   383
     280   1   3   1   0   1    483    39    38   484 
     281   1   3   1   0   1    143   282   283   142
     282   1   3   1   0   1    282   383   384   283
     283   1   3   1   0   1    383   484   485   384
     284   1   3   1   0   1    484    38    37   485
     285   1   3   1   0   1    142   283   284   141
     286   1   3   1   0   1    283   384   385   284
     287   1   3   1   0   1    384   485   486   385
     288   1   3   1   0   1    485    37    36   486
     289   1   3   1   0   1    141   284   285   140
     290   1   3   1   0   1    284   385   386   285
     291   1   3   1   0   1    385   486   487   386
     292   1   3   1   0   1    486    36    35   487
     293   1   3   1   0   1    140   285   286   139
     294   1   3   1   0   1    285   386   387   286
     295   1   3   1   0   1    386   487   488   387
     296   1   3   1   0   1    487    35    34   488
     297   1   3   1   0   1    139   286   287   138
     298   1   3   1   0   1    286   387   388   287
     299   1   3   1   0   1    387   488   489   388
     300   1   3   1   0   1    488    34    33   489 
     301   1   3   1   0   1    138   287   288   137
     302   1   3   1   0   1    287   388   389   288
     303   1   3   1   0   1    388   489   490   389
     304   1   3   1   0   1    489    33    32   490
     305   1   3   1   0   1    137   288   289   136
     306   1   3   1   0   1    288   389   390   289
     307   1   3   1   0   1    389   490   491   390
     308   1   3   1   0   1    490    32    31   491
     309   1   3   1   0   1    136   289   290   135
     310   1   3   1   0   1    289   390   391   290
     311   1   3   1   0   1    390   491   492   391
     312   1   3   1   0   1    491    31    30   492
     313   1   3   1   0   1    135   290   291   134
     314   1   3   1   0   1    290   391   392   291
     315   1   3   1   0   1    391   492   493   392
     316   1   3   1   0   1    492    30    29   493
     317   1   3   1   0   1    134   291   292   133
     318   1   3   1   0   1    291   392   393   292
     319   1   3   1   0   1    392   493   494   393
     320   1   3   1   0   1    493    29    28   494 
     321   1   3   1   0   1    133   292   293   132
     322   1   3   1   0   1    292   393   394   293
     323   1   3   1   0   1    393   494   495   394
     324   1   3   1   0   1    494    28    27   495
     325   1   3   1   0   1    132   293   294   131
     326   1   3   1   0   1    293   394   395   294
     327   1   3   1   0   1    394   495   496   395
     328   1   3   1   0   1    495    27    26   496
     329   1   3   1   0   1    131   294   295   130
     330   1   3   1   0   1    294   395   396   295
     331   1   3   1   0   1    395   496   497   396
     332   1   3   1   0   1    496    26    25   497
     333   1   3   1   0   1    130   295   296   129
     334   1   3   1   0   1    295   396   397   296
     335   1   3   1   0   1    396   497   498   397
     336   1   3   1   0   1    497    25    24   498
     337   1   3   1   0   1    129   296   297   128
     338   1   3   1   0   1    296   397   398   297
     339   1   3   1   0   1    397   498   499   398
     340   1   3   1   0   1    498    24    23   499 
     341   1   3   1   0   1    128   297   298   127
     342   1   3   1   0   1    297   398   399   298
     343   1   3   1   0   1    398   499   500   399
     344   1   3   1   0   1    499    23    22   500
     345   1   3   1   0   1    127   298   299   126
     346   1   3   1   0   1    298   399   400   299
     347   1   3   1   0   1    399   500   501   400
     348   1   3   1   0   1    500    22    21   501
     349   1   3   1   0   1    126   299   300   125
     350   1   3   1   0   1    299   400   401   300
     351   1   3   1   0   1    400   501   502   401
     352   1   3   1   0   1    501    21    20   502
     353   1   3   1   0   1    125   300   301   124
     354   1   3   1   0   1    300   401   402   301
     355   1   3   1   0   1    401   502   503   402
     356   1   3   1   0   1    502    20    19   503
     357   1   3   1   0   1    124   301   302   123
     358   1   3   1   0   1    301   402   403   302
     359   1   3   1   0   1    402   503   504   403
     360   1   3   1   0   1    503    19    18   504 
     361   1   3   1   0   1    123   302   303   122
     362   1   3   1   0   1    302   403   404   303
     363   1   3   1   0   1    403   504   505   404
     364   1   3   1   0   1    504    18    17   505
     365   1   3   1   0   1    122   303   304   121
     366   1   3   1   0   1    303   404   405   304
     367   1   3   1   0   1    404   505   506   405
     368   1   3   1   0   1    505    17    16   506
     369   1   3   1   0   1    121   304   305   120
     370   1   3   1   0   1    304   405   406   305
     371   1   3   1   0   1    405   506   507   406
     372   1   3   1   0   1    506    16    15   507
     373   1   3   1   0   1    120   305   306   119
     374   1   3   1   0   1    305   406   407   306
     375   1   3   1   0   1    406   507   508   407
     376   1   3   1   0   1    507    15    14   508
     377   1   3   1   0   1    119   306   307   118
     378   1   3   1   0   1    306   407   408   307
     379   1   3   1   0   1    407   508   509   408
     380   1   3   1   0   1    508    14    13   509 
     381   1   3   1   0   1    118   307   308   117
     382   1   3   1   0   1    307   408   409   308
     383   1   3   1   0   1    408   509   510   409
     384   1   3   1   0   1    509    13    12   510
     385   1   3   1   0   1    117   308   309   116
     386   1   3   1   0   1    308   409   410   309
     387   1   3   1   0   1    409   510   511   410
     388   1   3   1   0   1    510    12    11   511
     389   1   3   1   0   1    116   309   310   115
     390   1   3   1   0   1    309   410   411   310
     391   1   3   1   0   1    410   511   512   411
     392   1   3   1   0   1    511    11    10   512
     393   1   3   1   0   1    115   310   311   114
     394   1   3   1   0   1    310   411   412   311
     395   1   3   1   0   1    411   512   513   412
     396   1   3   1   0   1    512    10     9   513
     397   1   3   1   0   1    114   311   312   113
     398   1   3   1   0   1    311   412   413   312
     399   1   3   1   0   1    412   513   514   413
     400   1   3   1   0   1    513     9     8   514 
     401   1   3   1   0   1    113   312   313   112
     402   1   3   1   0   1    312   413   414   313
     403   1   3   1   0   1    413   514   515   414
     404   1   3   1   0   1    514     8     7   515
     405   1   3   1   0   1    112   313   109   108
     406   1   3   1   0   1    313   414   110   109
     407   1   3   1   0   1    414   515   111   110
     408   1   3   1   0   1    515     7     6   111

