
 LIST ALL SELECTED NODES.   DSYS=      0
 SORT TABLE ON  NODE  NODE  NODE

   NODE        X           Y           Z         THXY    THYZ    THZX
       1    100.00      12.000      0.0000        0.00    0.00    0.00
       2    100.00      16.000      0.0000        0.00    0.00    0.00
       3    100.00      13.000      0.0000        0.00    0.00    0.00
       4    100.00      14.000      0.0000        0.00    0.00    0.00
       5    100.00      15.000      0.0000        0.00    0.00    0.00
       6    0.0000      4.0000      0.0000        0.00    0.00    0.00
       7   0.97188      3.7971      0.0000        0.00    0.00    0.00
       8    1.9471      3.6107      0.0000        0.00    0.00    0.00
       9    2.9254      3.4415      0.0000        0.00    0.00    0.00
      10    3.9066      3.2904      0.0000        0.00    0.00    0.00
      11    4.8906      3.1579      0.0000        0.00    0.00    0.00
      12    5.8769      3.0446      0.0000        0.00    0.00    0.00
      13    6.8653      2.9508      0.0000        0.00    0.00    0.00
      14    7.8554      2.8768      0.0000        0.00    0.00    0.00
      15    8.8467      2.8228      0.0000        0.00    0.00    0.00
      16    9.8390      2.7887      0.0000        0.00    0.00    0.00
      17    10.832      2.7743      0.0000        0.00    0.00    0.00
      18    11.825      2.7795      0.0000        0.00    0.00    0.00
      19    12.817      2.8038      0.0000        0.00    0.00    0.00
      20    13.809      2.8467      0.0000        0.00    0.00    0.00
      21    14.800      2.9077      0.0000        0.00    0.00    0.00
      22    15.790      2.9861      0.0000        0.00    0.00    0.00
      23    16.778      3.0812      0.0000        0.00    0.00    0.00
      24    17.765      3.1923      0.0000        0.00    0.00    0.00
      25    18.749      3.3185      0.0000        0.00    0.00    0.00
      26    19.732      3.4592      0.0000        0.00    0.00    0.00
      27    20.713      3.6135      0.0000        0.00    0.00    0.00
      28    21.692      3.7801      0.0000        0.00    0.00    0.00
      29    22.669      3.9575      0.0000        0.00    0.00    0.00
      30    23.644      4.1445      0.0000        0.00    0.00    0.00
      31    24.617      4.3400      0.0000        0.00    0.00    0.00
      32    25.589      4.5429      0.0000        0.00    0.00    0.00
      33    26.559      4.7523      0.0000        0.00    0.00    0.00
      34    27.529      4.9673      0.0000        0.00    0.00    0.00
      35    28.497      5.1871      0.0000        0.00    0.00    0.00
      36    29.464      5.4110      0.0000        0.00    0.00    0.00
      37    30.431      5.6382      0.0000        0.00    0.00    0.00
      38    31.397      5.8681      0.0000        0.00    0.00    0.00
      39    32.362      6.1002      0.0000        0.00    0.00    0.00
      40    33.327      6.3337      0.0000        0.00    0.00    0.00
      41    34.292      6.5681      0.0000        0.00    0.00    0.00
      42    35.256      6.8028      0.0000        0.00    0.00    0.00
      43    36.221      7.0373      0.0000        0.00    0.00    0.00
      44    37.186      7.2710      0.0000        0.00    0.00    0.00
      45    38.151      7.5034      0.0000        0.00    0.00    0.00
      46    39.117      7.7339      0.0000        0.00    0.00    0.00
      47    40.083      7.9619      0.0000        0.00    0.00    0.00
      48    41.050      8.1869      0.0000        0.00    0.00    0.00
      49    42.018      8.4083      0.0000        0.00    0.00    0.00
      50    42.987      8.6254      0.0000        0.00    0.00    0.00
      51    43.957      8.8377      0.0000        0.00    0.00    0.00
      52    44.928      9.0444      0.0000        0.00    0.00    0.00
      53    45.900      9.2448      0.0000        0.00    0.00    0.00
      54    46.874      9.4382      0.0000        0.00    0.00    0.00
      55    47.850      9.6238      0.0000        0.00    0.00    0.00
      56    48.827      9.8007      0.0000        0.00    0.00    0.00
      57    49.805      9.9680      0.0000        0.00    0.00    0.00
      58    50.786      10.125      0.0000        0.00    0.00    0.00
      59    51.768      10.271      0.0000        0.00    0.00    0.00
      60    52.751      10.407      0.0000        0.00    0.00    0.00
      61    53.736      10.532      0.0000        0.00    0.00    0.00
      62    54.722      10.649      0.0000        0.00    0.00    0.00
      63    55.709      10.756      0.0000        0.00    0.00    0.00
      64    56.697      10.854      0.0000        0.00    0.00    0.00
      65    57.686      10.945      0.0000        0.00    0.00    0.00
      66    58.675      11.028      0.0000        0.00    0.00    0.00
      67    59.665      11.104      0.0000        0.00    0.00    0.00
      68    60.655      11.174      0.0000        0.00    0.00    0.00
      69    61.646      11.239      0.0000        0.00    0.00    0.00
      70    62.637      11.299      0.0000        0.00    0.00    0.00
      71    63.628      11.356      0.0000        0.00    0.00    0.00
      72    64.620      11.409      0.0000        0.00    0.00    0.00
      73    65.611      11.460      0.0000        0.00    0.00    0.00
      74    66.603      11.510      0.0000        0.00    0.00    0.00
      75    67.594      11.559      0.0000        0.00    0.00    0.00
      76    68.586      11.609      0.0000        0.00    0.00    0.00
      77    69.578      11.660      0.0000        0.00    0.00    0.00
      78    70.569      11.713      0.0000        0.00    0.00    0.00
      79    71.560      11.769      0.0000        0.00    0.00    0.00
      80    72.551      11.829      0.0000        0.00    0.00    0.00
      81    73.542      11.894      0.0000        0.00    0.00    0.00
      82    74.532      11.965      0.0000        0.00    0.00    0.00
      83    75.522      12.041      0.0000        0.00    0.00    0.00
      84    76.512      12.125      0.0000        0.00    0.00    0.00
      85    77.500      12.215      0.0000        0.00    0.00    0.00
      86    78.488      12.311      0.0000        0.00    0.00    0.00
      87    79.476      12.414      0.0000        0.00    0.00    0.00
      88    80.463      12.524      0.0000        0.00    0.00    0.00
      89    81.449      12.639      0.0000        0.00    0.00    0.00
      90    82.434      12.761      0.0000        0.00    0.00    0.00
      91    83.419      12.890      0.0000        0.00    0.00    0.00
      92    84.402      13.024      0.0000        0.00    0.00    0.00
      93    85.385      13.164      0.0000        0.00    0.00    0.00
      94    86.367      13.311      0.0000        0.00    0.00    0.00
      95    87.348      13.464      0.0000        0.00    0.00    0.00
      96    88.328      13.622      0.0000        0.00    0.00    0.00
      97    89.307      13.787      0.0000        0.00    0.00    0.00
      98    90.285      13.958      0.0000        0.00    0.00    0.00
      99    91.262      14.135      0.0000        0.00    0.00    0.00
     100    92.238      14.318      0.0000        0.00    0.00    0.00
     101    93.213      14.507      0.0000        0.00    0.00    0.00
     102    94.186      14.702      0.0000        0.00    0.00    0.00
     103    95.159      14.903      0.0000        0.00    0.00    0.00
     104    96.130      15.110      0.0000        0.00    0.00    0.00
     105    97.099      15.323      0.0000        0.00    0.00    0.00
     106    98.068      15.543      0.0000        0.00    0.00    0.00
     107    99.035      15.768      0.0000        0.00    0.00    0.00
     108    0.0000      0.0000      0.0000        0.00    0.00    0.00
     109    0.0000      1.0000      0.0000        0.00    0.00    0.00
     110    0.0000      2.0000      0.0000        0.00    0.00    0.00
     111    0.0000      3.0000      0.0000        0.00    0.00    0.00
     112   0.97188    -0.20293      0.0000        0.00    0.00    0.00
     113    1.9471    -0.38934      0.0000        0.00    0.00    0.00
     114    2.9254    -0.55847      0.0000        0.00    0.00    0.00
     115    3.9066    -0.70958      0.0000        0.00    0.00    0.00
     116    4.8906    -0.84206      0.0000        0.00    0.00    0.00
     117    5.8769    -0.95540      0.0000        0.00    0.00    0.00
     118    6.8653     -1.0492      0.0000        0.00    0.00    0.00
     119    7.8554     -1.1232      0.0000        0.00    0.00    0.00
     120    8.8467     -1.1772      0.0000        0.00    0.00    0.00
     121    9.8390     -1.2113      0.0000        0.00    0.00    0.00
     122    10.832     -1.2257      0.0000        0.00    0.00    0.00
     123    11.825     -1.2205      0.0000        0.00    0.00    0.00
     124    12.817     -1.1962      0.0000        0.00    0.00    0.00
     125    13.809     -1.1533      0.0000        0.00    0.00    0.00
     126    14.800     -1.0923      0.0000        0.00    0.00    0.00
     127    15.790     -1.0139      0.0000        0.00    0.00    0.00
     128    16.778    -0.91881      0.0000        0.00    0.00    0.00
     129    17.765    -0.80775      0.0000        0.00    0.00    0.00
     130    18.749    -0.68149      0.0000        0.00    0.00    0.00
     131    19.732    -0.54080      0.0000        0.00    0.00    0.00
     132    20.713    -0.38652      0.0000        0.00    0.00    0.00
     133    21.692    -0.21994      0.0000        0.00    0.00    0.00
     134    22.669    -0.42495E-01  0.0000        0.00    0.00    0.00
     135    23.644     0.14454      0.0000        0.00    0.00    0.00
     136    24.617     0.34003      0.0000        0.00    0.00    0.00
     137    25.589     0.54294      0.0000        0.00    0.00    0.00
     138    26.559     0.75231      0.0000        0.00    0.00    0.00
     139    27.529     0.96730      0.0000        0.00    0.00    0.00
     140    28.497      1.1871      0.0000        0.00    0.00    0.00
     141    29.464      1.4110      0.0000        0.00    0.00    0.00
     142    30.431      1.6382      0.0000        0.00    0.00    0.00
     143    31.397      1.8681      0.0000        0.00    0.00    0.00
     144    32.362      2.1002      0.0000        0.00    0.00    0.00
     145    33.327      2.3337      0.0000        0.00    0.00    0.00
     146    34.292      2.5681      0.0000        0.00    0.00    0.00
     147    35.256      2.8028      0.0000        0.00    0.00    0.00
     148    36.221      3.0373      0.0000        0.00    0.00    0.00
     149    37.186      3.2710      0.0000        0.00    0.00    0.00
     150    38.151      3.5034      0.0000        0.00    0.00    0.00
     151    39.117      3.7339      0.0000        0.00    0.00    0.00
     152    40.083      3.9619      0.0000        0.00    0.00    0.00
     153    41.050      4.1869      0.0000        0.00    0.00    0.00
     154    42.018      4.4083      0.0000        0.00    0.00    0.00
     155    42.987      4.6254      0.0000        0.00    0.00    0.00
     156    43.957      4.8377      0.0000        0.00    0.00    0.00
     157    44.928      5.0444      0.0000        0.00    0.00    0.00
     158    45.900      5.2448      0.0000        0.00    0.00    0.00
     159    46.874      5.4382      0.0000        0.00    0.00    0.00
     160    47.850      5.6238      0.0000        0.00    0.00    0.00
     161    48.827      5.8007      0.0000        0.00    0.00    0.00
     162    49.805      5.9680      0.0000        0.00    0.00    0.00
     163    50.786      6.1247      0.0000        0.00    0.00    0.00
     164    51.768      6.2708      0.0000        0.00    0.00    0.00
     165    52.751      6.4065      0.0000        0.00    0.00    0.00
     166    53.736      6.5323      0.0000        0.00    0.00    0.00
     167    54.722      6.6485      0.0000        0.00    0.00    0.00
     168    55.709      6.7557      0.0000        0.00    0.00    0.00
     169    56.697      6.8542      0.0000        0.00    0.00    0.00
     170    57.686      6.9447      0.0000        0.00    0.00    0.00
     171    58.675      7.0278      0.0000        0.00    0.00    0.00
     172    59.665      7.1041      0.0000        0.00    0.00    0.00
     173    60.655      7.1742      0.0000        0.00    0.00    0.00
     174    61.646      7.2390      0.0000        0.00    0.00    0.00
     175    62.637      7.2992      0.0000        0.00    0.00    0.00
     176    63.628      7.3555      0.0000        0.00    0.00    0.00
     177    64.620      7.4088      0.0000        0.00    0.00    0.00
     178    65.611      7.4599      0.0000        0.00    0.00    0.00
     179    66.603      7.5097      0.0000        0.00    0.00    0.00
     180    67.594      7.5590      0.0000        0.00    0.00    0.00
     181    68.586      7.6087      0.0000        0.00    0.00    0.00
     182    69.578      7.6597      0.0000        0.00    0.00    0.00
     183    70.569      7.7129      0.0000        0.00    0.00    0.00
     184    71.560      7.7691      0.0000        0.00    0.00    0.00
     185    72.551      7.8293      0.0000        0.00    0.00    0.00
     186    73.542      7.8941      0.0000        0.00    0.00    0.00
     187    74.532      7.9646      0.0000        0.00    0.00    0.00
     188    75.522      8.0413      0.0000        0.00    0.00    0.00
     189    76.512      8.1248      0.0000        0.00    0.00    0.00
     190    77.500      8.2148      0.0000        0.00    0.00    0.00
     191    78.488      8.3114      0.0000        0.00    0.00    0.00
     192    79.476      8.4143      0.0000        0.00    0.00    0.00
     193    80.463      8.5237      0.0000        0.00    0.00    0.00
     194    81.449      8.6394      0.0000        0.00    0.00    0.00
     195    82.434      8.7614      0.0000        0.00    0.00    0.00
     196    83.419      8.8895      0.0000        0.00    0.00    0.00
     197    84.402      9.0239      0.0000        0.00    0.00    0.00
     198    85.385      9.1644      0.0000        0.00    0.00    0.00
     199    86.367      9.3110      0.0000        0.00    0.00    0.00
     200    87.348      9.4637      0.0000        0.00    0.00    0.00
     201    88.328      9.6225      0.0000        0.00    0.00    0.00
     202    89.307      9.7873      0.0000        0.00    0.00    0.00
     203    90.285      9.9582      0.0000        0.00    0.00    0.00
     204    91.262      10.135      0.0000        0.00    0.00    0.00
     205    92.238      10.318      0.0000        0.00    0.00    0.00
     206    93.213      10.507      0.0000        0.00    0.00    0.00
     207    94.186      10.702      0.0000        0.00    0.00    0.00
     208    95.159      10.903      0.0000        0.00    0.00    0.00
     209    96.130      11.110      0.0000        0.00    0.00    0.00
     210    97.099      11.323      0.0000        0.00    0.00    0.00
     211    98.068      11.543      0.0000        0.00    0.00    0.00
     212    99.035      11.768      0.0000        0.00    0.00    0.00
     213    99.035      12.768      0.0000        0.00    0.00    0.00
     214    98.068      12.543      0.0000        0.00    0.00    0.00
     215    97.099      12.323      0.0000        0.00    0.00    0.00
     216    96.130      12.110      0.0000        0.00    0.00    0.00
     217    95.159      11.903      0.0000        0.00    0.00    0.00
     218    94.186      11.702      0.0000        0.00    0.00    0.00
     219    93.213      11.507      0.0000        0.00    0.00    0.00
     220    92.238      11.318      0.0000        0.00    0.00    0.00
     221    91.262      11.135      0.0000        0.00    0.00    0.00
     222    90.285      10.958      0.0000        0.00    0.00    0.00
     223    89.307      10.787      0.0000        0.00    0.00    0.00
     224    88.328      10.622      0.0000        0.00    0.00    0.00
     225    87.348      10.464      0.0000        0.00    0.00    0.00
     226    86.367      10.311      0.0000        0.00    0.00    0.00
     227    85.385      10.164      0.0000        0.00    0.00    0.00
     228    84.402      10.024      0.0000        0.00    0.00    0.00
     229    83.419      9.8895      0.0000        0.00    0.00    0.00
     230    82.434      9.7614      0.0000        0.00    0.00    0.00
     231    81.449      9.6394      0.0000        0.00    0.00    0.00
     232    80.463      9.5237      0.0000        0.00    0.00    0.00
     233    79.476      9.4143      0.0000        0.00    0.00    0.00
     234    78.488      9.3114      0.0000        0.00    0.00    0.00
     235    77.500      9.2148      0.0000        0.00    0.00    0.00
     236    76.512      9.1248      0.0000        0.00    0.00    0.00
     237    75.522      9.0413      0.0000        0.00    0.00    0.00
     238    74.532      8.9646      0.0000        0.00    0.00    0.00
     239    73.542      8.8941      0.0000        0.00    0.00    0.00
     240    72.551      8.8293      0.0000        0.00    0.00    0.00
     241    71.560      8.7691      0.0000        0.00    0.00    0.00
     242    70.569      8.7129      0.0000        0.00    0.00    0.00
     243    69.578      8.6597      0.0000        0.00    0.00    0.00
     244    68.586      8.6087      0.0000        0.00    0.00    0.00
     245    67.594      8.5590      0.0000        0.00    0.00    0.00
     246    66.603      8.5097      0.0000        0.00    0.00    0.00
     247    65.611      8.4599      0.0000        0.00    0.00    0.00
     248    64.620      8.4088      0.0000        0.00    0.00    0.00
     249    63.628      8.3555      0.0000        0.00    0.00    0.00
     250    62.637      8.2992      0.0000        0.00    0.00    0.00
     251    61.646      8.2390      0.0000        0.00    0.00    0.00
     252    60.655      8.1742      0.0000        0.00    0.00    0.00
     253    59.665      8.1041      0.0000        0.00    0.00    0.00
     254    58.675      8.0278      0.0000        0.00    0.00    0.00
     255    57.686      7.9447      0.0000        0.00    0.00    0.00
     256    56.697      7.8542      0.0000        0.00    0.00    0.00
     257    55.709      7.7557      0.0000        0.00    0.00    0.00
     258    54.722      7.6485      0.0000        0.00    0.00    0.00
     259    53.736      7.5323      0.0000        0.00    0.00    0.00
     260    52.751      7.4065      0.0000        0.00    0.00    0.00
     261    51.768      7.2708      0.0000        0.00    0.00    0.00
     262    50.786      7.1247      0.0000        0.00    0.00    0.00
     263    49.805      6.9680      0.0000        0.00    0.00    0.00
     264    48.827      6.8007      0.0000        0.00    0.00    0.00
     265    47.850      6.6238      0.0000        0.00    0.00    0.00
     266    46.874      6.4382      0.0000        0.00    0.00    0.00
     267    45.900      6.2448      0.0000        0.00    0.00    0.00
     268    44.928      6.0444      0.0000        0.00    0.00    0.00
     269    43.957      5.8377      0.0000        0.00    0.00    0.00
     270    42.987      5.6254      0.0000        0.00    0.00    0.00
     271    42.018      5.4083      0.0000        0.00    0.00    0.00
     272    41.050      5.1869      0.0000        0.00    0.00    0.00
     273    40.083      4.9619      0.0000        0.00    0.00    0.00
     274    39.117      4.7339      0.0000        0.00    0.00    0.00
     275    38.151      4.5034      0.0000        0.00    0.00    0.00
     276    37.186      4.2710      0.0000        0.00    0.00    0.00
     277    36.221      4.0373      0.0000        0.00    0.00    0.00
     278    35.256      3.8028      0.0000        0.00    0.00    0.00
     279    34.292      3.5681      0.0000        0.00    0.00    0.00
     280    33.327      3.3337      0.0000        0.00    0.00    0.00
     281    32.362      3.1002      0.0000        0.00    0.00    0.00
     282    31.397      2.8681      0.0000        0.00    0.00    0.00
     283    30.431      2.6382      0.0000        0.00    0.00    0.00
     284    29.464      2.4110      0.0000        0.00    0.00    0.00
     285    28.497      2.1871      0.0000        0.00    0.00    0.00
     286    27.529      1.9673      0.0000        0.00    0.00    0.00
     287    26.559      1.7523      0.0000        0.00    0.00    0.00
     288    25.589      1.5429      0.0000        0.00    0.00    0.00
     289    24.617      1.3400      0.0000        0.00    0.00    0.00
     290    23.644      1.1445      0.0000        0.00    0.00    0.00
     291    22.669     0.95751      0.0000        0.00    0.00    0.00
     292    21.692     0.78006      0.0000        0.00    0.00    0.00
     293    20.713     0.61348      0.0000        0.00    0.00    0.00
     294    19.732     0.45920      0.0000        0.00    0.00    0.00
     295    18.749     0.31851      0.0000        0.00    0.00    0.00
     296    17.765     0.19225      0.0000        0.00    0.00    0.00
     297    16.778     0.81188E-01  0.0000        0.00    0.00    0.00
     298    15.790    -0.13910E-01  0.0000        0.00    0.00    0.00
     299    14.800    -0.92304E-01  0.0000        0.00    0.00    0.00
     300    13.809    -0.15329      0.0000        0.00    0.00    0.00
     301    12.817    -0.19622      0.0000        0.00    0.00    0.00
     302    11.825    -0.22051      0.0000        0.00    0.00    0.00
     303    10.832    -0.22569      0.0000        0.00    0.00    0.00
     304    9.8390    -0.21135      0.0000        0.00    0.00    0.00
     305    8.8467    -0.17723      0.0000        0.00    0.00    0.00
     306    7.8554    -0.12318      0.0000        0.00    0.00    0.00
     307    6.8653    -0.49192E-01  0.0000        0.00    0.00    0.00
     308    5.8769     0.44600E-01  0.0000        0.00    0.00    0.00
     309    4.8906     0.15794      0.0000        0.00    0.00    0.00
     310    3.9066     0.29042      0.0000        0.00    0.00    0.00
     311    2.9254     0.44153      0.0000        0.00    0.00    0.00
     312    1.9471     0.61066      0.0000        0.00    0.00    0.00
     313   0.97188     0.79707      0.0000        0.00    0.00    0.00
     314    99.035      13.768      0.0000        0.00    0.00    0.00
     315    98.068      13.543      0.0000        0.00    0.00    0.00
     316    97.099      13.323      0.0000        0.00    0.00    0.00
     317    96.130      13.110      0.0000        0.00    0.00    0.00
     318    95.159      12.903      0.0000        0.00    0.00    0.00
     319    94.186      12.702      0.0000        0.00    0.00    0.00
     320    93.213      12.507      0.0000        0.00    0.00    0.00
     321    92.238      12.318      0.0000        0.00    0.00    0.00
     322    91.262      12.135      0.0000        0.00    0.00    0.00
     323    90.285      11.958      0.0000        0.00    0.00    0.00
     324    89.307      11.787      0.0000        0.00    0.00    0.00
     325    88.328      11.622      0.0000        0.00    0.00    0.00
     326    87.348      11.464      0.0000        0.00    0.00    0.00
     327    86.367      11.311      0.0000        0.00    0.00    0.00
     328    85.385      11.164      0.0000        0.00    0.00    0.00
     329    84.402      11.024      0.0000        0.00    0.00    0.00
     330    83.419      10.890      0.0000        0.00    0.00    0.00
     331    82.434      10.761      0.0000        0.00    0.00    0.00
     332    81.449      10.639      0.0000        0.00    0.00    0.00
     333    80.463      10.524      0.0000        0.00    0.00    0.00
     334    79.476      10.414      0.0000        0.00    0.00    0.00
     335    78.488      10.311      0.0000        0.00    0.00    0.00
     336    77.500      10.215      0.0000        0.00    0.00    0.00
     337    76.512      10.125      0.0000        0.00    0.00    0.00
     338    75.522      10.041      0.0000        0.00    0.00    0.00
     339    74.532      9.9646      0.0000        0.00    0.00    0.00
     340    73.542      9.8941      0.0000        0.00    0.00    0.00
     341    72.551      9.8293      0.0000        0.00    0.00    0.00
     342    71.560      9.7691      0.0000        0.00    0.00    0.00
     343    70.569      9.7129      0.0000        0.00    0.00    0.00
     344    69.578      9.6597      0.0000        0.00    0.00    0.00
     345    68.586      9.6087      0.0000        0.00    0.00    0.00
     346    67.594      9.5590      0.0000        0.00    0.00    0.00
     347    66.603      9.5097      0.0000        0.00    0.00    0.00
     348    65.611      9.4599      0.0000        0.00    0.00    0.00
     349    64.620      9.4088      0.0000        0.00    0.00    0.00
     350    63.628      9.3555      0.0000        0.00    0.00    0.00
     351    62.637      9.2992      0.0000        0.00    0.00    0.00
     352    61.646      9.2390      0.0000        0.00    0.00    0.00
     353    60.655      9.1742      0.0000        0.00    0.00    0.00
     354    59.665      9.1041      0.0000        0.00    0.00    0.00
     355    58.675      9.0278      0.0000        0.00    0.00    0.00
     356    57.686      8.9447      0.0000        0.00    0.00    0.00
     357    56.697      8.8542      0.0000        0.00    0.00    0.00
     358    55.709      8.7557      0.0000        0.00    0.00    0.00
     359    54.722      8.6485      0.0000        0.00    0.00    0.00
     360    53.736      8.5323      0.0000        0.00    0.00    0.00
     361    52.751      8.4065      0.0000        0.00    0.00    0.00
     362    51.768      8.2708      0.0000        0.00    0.00    0.00
     363    50.786      8.1247      0.0000        0.00    0.00    0.00
     364    49.805      7.9680      0.0000        0.00    0.00    0.00
     365    48.827      7.8007      0.0000        0.00    0.00    0.00
     366    47.850      7.6238      0.0000        0.00    0.00    0.00
     367    46.874      7.4382      0.0000        0.00    0.00    0.00
     368    45.900      7.2448      0.0000        0.00    0.00    0.00
     369    44.928      7.0444      0.0000        0.00    0.00    0.00
     370    43.957      6.8377      0.0000        0.00    0.00    0.00
     371    42.987      6.6254      0.0000        0.00    0.00    0.00
     372    42.018      6.4083      0.0000        0.00    0.00    0.00
     373    41.050      6.1869      0.0000        0.00    0.00    0.00
     374    40.083      5.9619      0.0000        0.00    0.00    0.00
     375    39.117      5.7339      0.0000        0.00    0.00    0.00
     376    38.151      5.5034      0.0000        0.00    0.00    0.00
     377    37.186      5.2710      0.0000        0.00    0.00    0.00
     378    36.221      5.0373      0.0000        0.00    0.00    0.00
     379    35.256      4.8028      0.0000        0.00    0.00    0.00
     380    34.292      4.5681      0.0000        0.00    0.00    0.00
     381    33.327      4.3337      0.0000        0.00    0.00    0.00
     382    32.362      4.1002      0.0000        0.00    0.00    0.00
     383    31.397      3.8681      0.0000        0.00    0.00    0.00
     384    30.431      3.6382      0.0000        0.00    0.00    0.00
     385    29.464      3.4110      0.0000        0.00    0.00    0.00
     386    28.497      3.1871      0.0000        0.00    0.00    0.00
     387    27.529      2.9673      0.0000        0.00    0.00    0.00
     388    26.559      2.7523      0.0000        0.00    0.00    0.00
     389    25.589      2.5429      0.0000        0.00    0.00    0.00
     390    24.617      2.3400      0.0000        0.00    0.00    0.00
     391    23.644      2.1445      0.0000        0.00    0.00    0.00
     392    22.669      1.9575      0.0000        0.00    0.00    0.00
     393    21.692      1.7801      0.0000        0.00    0.00    0.00
     394    20.713      1.6135      0.0000        0.00    0.00    0.00
     395    19.732      1.4592      0.0000        0.00    0.00    0.00
     396    18.749      1.3185      0.0000        0.00    0.00    0.00
     397    17.765      1.1923      0.0000        0.00    0.00    0.00
     398    16.778      1.0812      0.0000        0.00    0.00    0.00
     399    15.790     0.98609      0.0000        0.00    0.00    0.00
     400    14.800     0.90770      0.0000        0.00    0.00    0.00
     401    13.809     0.84671      0.0000        0.00    0.00    0.00
     402    12.817     0.80378      0.0000        0.00    0.00    0.00
     403    11.825     0.77949      0.0000        0.00    0.00    0.00
     404    10.832     0.77431      0.0000        0.00    0.00    0.00
     405    9.8390     0.78865      0.0000        0.00    0.00    0.00
     406    8.8467     0.82277      0.0000        0.00    0.00    0.00
     407    7.8554     0.87682      0.0000        0.00    0.00    0.00
     408    6.8653     0.95081      0.0000        0.00    0.00    0.00
     409    5.8769      1.0446      0.0000        0.00    0.00    0.00
     410    4.8906      1.1579      0.0000        0.00    0.00    0.00
     411    3.9066      1.2904      0.0000        0.00    0.00    0.00
     412    2.9254      1.4415      0.0000        0.00    0.00    0.00
     413    1.9471      1.6107      0.0000        0.00    0.00    0.00
     414   0.97188      1.7971      0.0000        0.00    0.00    0.00
     415    99.035      14.768      0.0000        0.00    0.00    0.00
     416    98.068      14.543      0.0000        0.00    0.00    0.00
     417    97.099      14.323      0.0000        0.00    0.00    0.00
     418    96.130      14.110      0.0000        0.00    0.00    0.00
     419    95.159      13.903      0.0000        0.00    0.00    0.00
     420    94.186      13.702      0.0000        0.00    0.00    0.00
     421    93.213      13.507      0.0000        0.00    0.00    0.00
     422    92.238      13.318      0.0000        0.00    0.00    0.00
     423    91.262      13.135      0.0000        0.00    0.00    0.00
     424    90.285      12.958      0.0000        0.00    0.00    0.00
     425    89.307      12.787      0.0000        0.00    0.00    0.00
     426    88.328      12.622      0.0000        0.00    0.00    0.00
     427    87.348      12.464      0.0000        0.00    0.00    0.00
     428    86.367      12.311      0.0000        0.00    0.00    0.00
     429    85.385      12.164      0.0000        0.00    0.00    0.00
     430    84.402      12.024      0.0000        0.00    0.00    0.00
     431    83.419      11.890      0.0000        0.00    0.00    0.00
     432    82.434      11.761      0.0000        0.00    0.00    0.00
     433    81.449      11.639      0.0000        0.00    0.00    0.00
     434    80.463      11.524      0.0000        0.00    0.00    0.00
     435    79.476      11.414      0.0000        0.00    0.00    0.00
     436    78.488      11.311      0.0000        0.00    0.00    0.00
     437    77.500      11.215      0.0000        0.00    0.00    0.00
     438    76.512      11.125      0.0000        0.00    0.00    0.00
     439    75.522      11.041      0.0000        0.00    0.00    0.00
     440    74.532      10.965      0.0000        0.00    0.00    0.00
     441    73.542      10.894      0.0000        0.00    0.00    0.00
     442    72.551      10.829      0.0000        0.00    0.00    0.00
     443    71.560      10.769      0.0000        0.00    0.00    0.00
     444    70.569      10.713      0.0000        0.00    0.00    0.00
     445    69.578      10.660      0.0000        0.00    0.00    0.00
     446    68.586      10.609      0.0000        0.00    0.00    0.00
     447    67.594      10.559      0.0000        0.00    0.00    0.00
     448    66.603      10.510      0.0000        0.00    0.00    0.00
     449    65.611      10.460      0.0000        0.00    0.00    0.00
     450    64.620      10.409      0.0000        0.00    0.00    0.00
     451    63.628      10.356      0.0000        0.00    0.00    0.00
     452    62.637      10.299      0.0000        0.00    0.00    0.00
     453    61.646      10.239      0.0000        0.00    0.00    0.00
     454    60.655      10.174      0.0000        0.00    0.00    0.00
     455    59.665      10.104      0.0000        0.00    0.00    0.00
     456    58.675      10.028      0.0000        0.00    0.00    0.00
     457    57.686      9.9447      0.0000        0.00    0.00    0.00
     458    56.697      9.8542      0.0000        0.00    0.00    0.00
     459    55.709      9.7557      0.0000        0.00    0.00    0.00
     460    54.722      9.6485      0.0000        0.00    0.00    0.00
     461    53.736      9.5323      0.0000        0.00    0.00    0.00
     462    52.751      9.4065      0.0000        0.00    0.00    0.00
     463    51.768      9.2708      0.0000        0.00    0.00    0.00
     464    50.786      9.1247      0.0000        0.00    0.00    0.00
     465    49.805      8.9680      0.0000        0.00    0.00    0.00
     466    48.827      8.8007      0.0000        0.00    0.00    0.00
     467    47.850      8.6238      0.0000        0.00    0.00    0.00
     468    46.874      8.4382      0.0000        0.00    0.00    0.00
     469    45.900      8.2448      0.0000        0.00    0.00    0.00
     470    44.928      8.0444      0.0000        0.00    0.00    0.00
     471    43.957      7.8377      0.0000        0.00    0.00    0.00
     472    42.987      7.6254      0.0000        0.00    0.00    0.00
     473    42.018      7.4083      0.0000        0.00    0.00    0.00
     474    41.050      7.1869      0.0000        0.00    0.00    0.00
     475    40.083      6.9619      0.0000        0.00    0.00    0.00
     476    39.117      6.7339      0.0000        0.00    0.00    0.00
     477    38.151      6.5034      0.0000        0.00    0.00    0.00
     478    37.186      6.2710      0.0000        0.00    0.00    0.00
     479    36.221      6.0373      0.0000        0.00    0.00    0.00
     480    35.256      5.8028      0.0000        0.00    0.00    0.00
     481    34.292      5.5681      0.0000        0.00    0.00    0.00
     482    33.327      5.3337      0.0000        0.00    0.00    0.00
     483    32.362      5.1002      0.0000        0.00    0.00    0.00
     484    31.397      4.8681      0.0000        0.00    0.00    0.00
     485    30.431      4.6382      0.0000        0.00    0.00    0.00
     486    29.464      4.4110      0.0000        0.00    0.00    0.00
     487    28.497      4.1871      0.0000        0.00    0.00    0.00
     488    27.529      3.9673      0.0000        0.00    0.00    0.00
     489    26.559      3.7523      0.0000        0.00    0.00    0.00
     490    25.589      3.5429      0.0000        0.00    0.00    0.00
     491    24.617      3.3400      0.0000        0.00    0.00    0.00
     492    23.644      3.1445      0.0000        0.00    0.00    0.00
     493    22.669      2.9575      0.0000        0.00    0.00    0.00
     494    21.692      2.7801      0.0000        0.00    0.00    0.00
     495    20.713      2.6135      0.0000        0.00    0.00    0.00
     496    19.732      2.4592      0.0000        0.00    0.00    0.00
     497    18.749      2.3185      0.0000        0.00    0.00    0.00
     498    17.765      2.1923      0.0000        0.00    0.00    0.00
     499    16.778      2.0812      0.0000        0.00    0.00    0.00
     500    15.790      1.9861      0.0000        0.00    0.00    0.00
     501    14.800      1.9077      0.0000        0.00    0.00    0.00
     502    13.809      1.8467      0.0000        0.00    0.00    0.00
     503    12.817      1.8038      0.0000        0.00    0.00    0.00
     504    11.825      1.7795      0.0000        0.00    0.00    0.00
     505    10.832      1.7743      0.0000        0.00    0.00    0.00
     506    9.8390      1.7887      0.0000        0.00    0.00    0.00
     507    8.8467      1.8228      0.0000        0.00    0.00    0.00
     508    7.8554      1.8768      0.0000        0.00    0.00    0.00
     509    6.8653      1.9508      0.0000        0.00    0.00    0.00
     510    5.8769      2.0446      0.0000        0.00    0.00    0.00
     511    4.8906      2.1579      0.0000        0.00    0.00    0.00
     512    3.9066      2.2904      0.0000        0.00    0.00    0.00
     513    2.9254      2.4415      0.0000        0.00    0.00    0.00
     514    1.9471      2.6107      0.0000        0.00    0.00    0.00
     515   0.97188      2.7971      0.0000        0.00    0.00    0.00

